# JRE version: OpenJDK Runtime Environment (8.0_282-b08) (build 1.8.0_282-b08)
# Java VM: OpenJDK 64-Bit Server VM (25.282-b08 mixed mode linux-amd64 compressed oops)
Heap:
 PSYoungGen      total 243712K, used 192632K [0x00000000eab00000, 0x00000000fc380000, 0x0000000100000000)
  eden space 238080K, 80% used [0x00000000eab00000,0x00000000f671e320,0x00000000f9380000)
  from space 5632K, 0% used [0x00000000fb880000,0x00000000fb880000,0x00000000fbe00000)
  to   space 5632K, 0% used [0x00000000fbe00000,0x00000000fbe00000,0x00000000fc380000)
 ParOldGen       total 683008K, used 14512K [0x00000000c0000000, 0x00000000e9b00000, 0x00000000eab00000)
  object space 683008K, 2% used [0x00000000c0000000,0x00000000c0e2c378,0x00000000e9b00000)
 Metaspace       used 18062K, capacity 18234K, committed 18304K, reserved 1064960K
  class space    used 2026K, capacity 2108K, committed 2176K, reserved 1048576K
GC Heap History (94 events):
Event: 0.107 GC heap before
{Heap before GC invocations=1 (full 0):
 PSYoungGen      total 298496K, used 20480K [0x00000000eab00000, 0x00000000ff800000, 0x0000000100000000)
  eden space 256000K, 8% used [0x00000000eab00000,0x00000000ebf00058,0x00000000fa500000)
  from space 42496K, 0% used [0x00000000fce80000,0x00000000fce80000,0x00000000ff800000)
  to   space 42496K, 0% used [0x00000000fa500000,0x00000000fa500000,0x00000000fce80000)
 ParOldGen       total 683008K, used 0K [0x00000000c0000000, 0x00000000e9b00000, 0x00000000eab00000)
  object space 683008K, 0% used [0x00000000c0000000,0x00000000c0000000,0x00000000e9b00000)
 Metaspace       used 4027K, capacity 4662K, committed 4864K, reserved 1056768K
  class space    used 395K, capacity 426K, committed 512K, reserved 1048576K
Event: 0.108 GC heap after
Heap after GC invocations=1 (full 0):
 PSYoungGen      total 298496K, used 1024K [0x00000000eab00000, 0x00000000ff800000, 0x0000000100000000)
  eden space 256000K, 0% used [0x00000000eab00000,0x00000000eab00000,0x00000000fa500000)
  from space 42496K, 2% used [0x00000000fa500000,0x00000000fa600000,0x00000000fce80000)
  to   space 42496K, 0% used [0x00000000fce80000,0x00000000fce80000,0x00000000ff800000)
 ParOldGen       total 683008K, used 8K [0x00000000c0000000, 0x00000000e9b00000, 0x00000000eab00000)
  object space 683008K, 0% used [0x00000000c0000000,0x00000000c0002000,0x00000000e9b00000)
 Metaspace       used 4027K, capacity 4662K, committed 4864K, reserved 1056768K
  class space    used 395K, capacity 426K, committed 512K, reserved 1048576K
}
Event: 0.108 GC heap before
{Heap before GC invocations=2 (full 1):
 PSYoungGen      total 298496K, used 1024K [0x00000000eab00000, 0x00000000ff800000, 0x0000000100000000)
  eden space 256000K, 0% used [0x00000000eab00000,0x00000000eab00000,0x00000000fa500000)
  from space 42496K, 2% used [0x00000000fa500000,0x00000000fa600000,0x00000000fce80000)
  to   space 42496K, 0% used [0x00000000fce80000,0x00000000fce80000,0x00000000ff800000)
 ParOldGen       total 683008K, used 8K [0x00000000c0000000, 0x00000000e9b00000, 0x00000000eab00000)
  object space 683008K, 0% used [0x00000000c0000000,0x00000000c0002000,0x00000000e9b00000)
 Metaspace       used 4027K, capacity 4662K, committed 4864K, reserved 1056768K
  class space    used 395K, capacity 426K, committed 512K, reserved 1048576K
Event: 0.114 GC heap after
Heap after GC invocations=2 (full 1):
 PSYoungGen      total 298496K, used 0K [0x00000000eab00000, 0x00000000ff800000, 0x0000000100000000)
  eden space 256000K, 0% used [0x00000000eab00000,0x00000000eab00000,0x00000000fa500000)
  from space 42496K, 0% used [0x00000000fa500000,0x00000000fa500000,0x00000000fce80000)
  to   space 42496K, 0% used [0x00000000fce80000,0x00000000fce80000,0x00000000ff800000)
 ParOldGen       total 683008K, used 783K [0x00000000c0000000, 0x00000000e9b00000, 0x00000000eab00000)
  object space 683008K, 0% used [0x00000000c0000000,0x00000000c00c3c20,0x00000000e9b00000)
 Metaspace       used 4027K, capacity 4662K, committed 4864K, reserved 1056768K
  class space    used 395K, capacity 426K, committed 512K, reserved 1048576K
}
Event: 0.269 GC heap before
{Heap before GC invocations=3 (full 1):
 PSYoungGen      total 298496K, used 40960K [0x00000000eab00000, 0x00000000ff800000, 0x0000000100000000)
  eden space 256000K, 16% used [0x00000000eab00000,0x00000000ed300150,0x00000000fa500000)
  from space 42496K, 0% used [0x00000000fa500000,0x00000000fa500000,0x00000000fce80000)
  to   space 42496K, 0% used [0x00000000fce80000,0x00000000fce80000,0x00000000ff800000)
 ParOldGen       total 683008K, used 783K [0x00000000c0000000, 0x00000000e9b00000, 0x00000000eab00000)
  object space 683008K, 0% used [0x00000000c0000000,0x00000000c00c3c20,0x00000000e9b00000)
 Metaspace       used 5962K, capacity 6106K, committed 6400K, reserved 1056768K
  class space    used 586K, capacity 673K, committed 768K, reserved 1048576K
Event: 0.276 GC heap after
Heap after GC invocations=3 (full 1):
 PSYoungGen      total 298496K, used 10615K [0x00000000eab00000, 0x00000000ff800000, 0x0000000100000000)
  eden space 256000K, 0% used [0x00000000eab00000,0x00000000eab00000,0x00000000fa500000)
  from space 42496K, 24% used [0x00000000fce80000,0x00000000fd8ddca8,0x00000000ff800000)
  to   space 42496K, 0% used [0x00000000fa500000,0x00000000fa500000,0x00000000fce80000)
 ParOldGen       total 683008K, used 791K [0x00000000c0000000, 0x00000000e9b00000, 0x00000000eab00000)
  object space 683008K, 0% used [0x00000000c0000000,0x00000000c00c5c20,0x00000000e9b00000)
 Metaspace       used 5962K, capacity 6106K, committed 6400K, reserved 1056768K
  class space    used 586K, capacity 673K, committed 768K, reserved 1048576K
}
Event: 0.276 GC heap before
{Heap before GC invocations=4 (full 2):
 PSYoungGen      total 298496K, used 10615K [0x00000000eab00000, 0x00000000ff800000, 0x0000000100000000)
  eden space 256000K, 0% used [0x00000000eab00000,0x00000000eab00000,0x00000000fa500000)
  from space 42496K, 24% used [0x00000000fce80000,0x00000000fd8ddca8,0x00000000ff800000)
  to   space 42496K, 0% used [0x00000000fa500000,0x00000000fa500000,0x00000000fce80000)
 ParOldGen       total 683008K, used 791K [0x00000000c0000000, 0x00000000e9b00000, 0x00000000eab00000)
  object space 683008K, 0% used [0x00000000c0000000,0x00000000c00c5c20,0x00000000e9b00000)
 Metaspace       used 5962K, capacity 6106K, committed 6400K, reserved 1056768K
  class space    used 586K, capacity 673K, committed 768K, reserved 1048576K
Event: 0.288 GC heap after
Heap after GC invocations=4 (full 2):
 PSYoungGen      total 298496K, used 0K [0x00000000eab00000, 0x00000000ff800000, 0x0000000100000000)
  eden space 256000K, 0% used [0x00000000eab00000,0x00000000eab00000,0x00000000fa500000)
  from space 42496K, 0% used [0x00000000fce80000,0x00000000fce80000,0x00000000ff800000)
  to   space 42496K, 0% used [0x00000000fa500000,0x00000000fa500000,0x00000000fce80000)
 ParOldGen       total 683008K, used 10955K [0x00000000c0000000, 0x00000000e9b00000, 0x00000000eab00000)
  object space 683008K, 1% used [0x00000000c0000000,0x00000000c0ab2dd8,0x00000000e9b00000)
 Metaspace       used 5962K, capacity 6106K, committed 6400K, reserved 1056768K
  class space    used 586K, capacity 673K, committed 768K, reserved 1048576K
}
Event: 0.654 GC heap before
{Heap before GC invocations=5 (full 2):
 PSYoungGen      total 298496K, used 61441K [0x00000000eab00000, 0x00000000ff800000, 0x0000000100000000)
  eden space 256000K, 24% used [0x00000000eab00000,0x00000000ee7004f0,0x00000000fa500000)
  from space 42496K, 0% used [0x00000000fce80000,0x00000000fce80000,0x00000000ff800000)
  to   space 42496K, 0% used [0x00000000fa500000,0x00000000fa500000,0x00000000fce80000)
 ParOldGen       total 683008K, used 10955K [0x00000000c0000000, 0x00000000e9b00000, 0x00000000eab00000)
  object space 683008K, 1% used [0x00000000c0000000,0x00000000c0ab2dd8,0x00000000e9b00000)
 Metaspace       used 15145K, capacity 15348K, committed 15488K, reserved 1062912K
  class space    used 1755K, capacity 1851K, committed 1920K, reserved 1048576K
Event: 0.658 GC heap after
Heap after GC invocations=5 (full 2):
 PSYoungGen      total 298496K, used 6750K [0x00000000eab00000, 0x00000000ff800000, 0x0000000100000000)
  eden space 256000K, 0% used [0x00000000eab00000,0x00000000eab00000,0x00000000fa500000)
  from space 42496K, 15% used [0x00000000fa500000,0x00000000fab97bb0,0x00000000fce80000)
  to   space 42496K, 0% used [0x00000000fce80000,0x00000000fce80000,0x00000000ff800000)
 ParOldGen       total 683008K, used 10963K [0x00000000c0000000, 0x00000000e9b00000, 0x00000000eab00000)
  object space 683008K, 1% used [0x00000000c0000000,0x00000000c0ab4dd8,0x00000000e9b00000)
 Metaspace       used 15145K, capacity 15348K, committed 15488K, reserved 1062912K
  class space    used 1755K, capacity 1851K, committed 1920K, reserved 1048576K
}
Event: 0.658 GC heap before
{Heap before GC invocations=6 (full 3):
 PSYoungGen      total 298496K, used 6750K [0x00000000eab00000, 0x00000000ff800000, 0x0000000100000000)
  eden space 256000K, 0% used [0x00000000eab00000,0x00000000eab00000,0x00000000fa500000)
  from space 42496K, 15% used [0x00000000fa500000,0x00000000fab97bb0,0x00000000fce80000)
  to   space 42496K, 0% used [0x00000000fce80000,0x00000000fce80000,0x00000000ff800000)
 ParOldGen       total 683008K, used 10963K [0x00000000c0000000, 0x00000000e9b00000, 0x00000000eab00000)
  object space 683008K, 1% used [0x00000000c0000000,0x00000000c0ab4dd8,0x00000000e9b00000)
 Metaspace       used 15145K, capacity 15348K, committed 15488K, reserved 1062912K
  class space    used 1755K, capacity 1851K, committed 1920K, reserved 1048576K
Event: 0.684 GC heap after
Heap after GC invocations=6 (full 3):
 PSYoungGen      total 298496K, used 0K [0x00000000eab00000, 0x00000000ff800000, 0x0000000100000000)
  eden space 256000K, 0% used [0x00000000eab00000,0x00000000eab00000,0x00000000fa500000)
  from space 42496K, 0% used [0x00000000fa500000,0x00000000fa500000,0x00000000fce80000)
  to   space 42496K, 0% used [0x00000000fce80000,0x00000000fce80000,0x00000000ff800000)
 ParOldGen       total 683008K, used 16719K [0x00000000c0000000, 0x00000000e9b00000, 0x00000000eab00000)
  object space 683008K, 2% used [0x00000000c0000000,0x00000000c1053e28,0x00000000e9b00000)
 Metaspace       used 15145K, capacity 15348K, committed 15488K, reserved 1062912K
  class space    used 1755K, capacity 1851K, committed 1920K, reserved 1048576K
}
Event: 0.748 GC heap before
{Heap before GC invocations=7 (full 3):
 PSYoungGen      total 298496K, used 15360K [0x00000000eab00000, 0x00000000ff800000, 0x0000000100000000)
  eden space 256000K, 6% used [0x00000000eab00000,0x00000000eba00060,0x00000000fa500000)
  from space 42496K, 0% used [0x00000000fa500000,0x00000000fa500000,0x00000000fce80000)
  to   space 42496K, 0% used [0x00000000fce80000,0x00000000fce80000,0x00000000ff800000)
 ParOldGen       total 683008K, used 16719K [0x00000000c0000000, 0x00000000e9b00000, 0x00000000eab00000)
  object space 683008K, 2% used [0x00000000c0000000,0x00000000c1053e28,0x00000000e9b00000)
 Metaspace       used 15152K, capacity 15348K, committed 15488K, reserved 1062912K
  class space    used 1755K, capacity 1851K, committed 1920K, reserved 1048576K
Event: 0.749 GC heap after
Heap after GC invocations=7 (full 3):
 PSYoungGen      total 298496K, used 96K [0x00000000eab00000, 0x00000000ff800000, 0x0000000100000000)
  eden space 256000K, 0% used [0x00000000eab00000,0x00000000eab00000,0x00000000fa500000)
  from space 42496K, 0% used [0x00000000fce80000,0x00000000fce98000,0x00000000ff800000)
  to   space 42496K, 0% used [0x00000000fa500000,0x00000000fa500000,0x00000000fce80000)
 ParOldGen       total 683008K, used 16719K [0x00000000c0000000, 0x00000000e9b00000, 0x00000000eab00000)
  object space 683008K, 2% used [0x00000000c0000000,0x00000000c1053e28,0x00000000e9b00000)
 Metaspace       used 15152K, capacity 15348K, committed 15488K, reserved 1062912K
  class space    used 1755K, capacity 1851K, committed 1920K, reserved 1048576K
}
Event: 0.749 GC heap before
{Heap before GC invocations=8 (full 4):
 PSYoungGen      total 298496K, used 96K [0x00000000eab00000, 0x00000000ff800000, 0x0000000100000000)
  eden space 256000K, 0% used [0x00000000eab00000,0x00000000eab00000,0x00000000fa500000)
  from space 42496K, 0% used [0x00000000fce80000,0x00000000fce98000,0x00000000ff800000)
  to   space 42496K, 0% used [0x00000000fa500000,0x00000000fa500000,0x00000000fce80000)
 ParOldGen       total 683008K, used 16719K [0x00000000c0000000, 0x00000000e9b00000, 0x00000000eab00000)
  object space 683008K, 2% used [0x00000000c0000000,0x00000000c1053e28,0x00000000e9b00000)
 Metaspace       used 15152K, capacity 15348K, committed 15488K, reserved 1062912K
  class space    used 1755K, capacity 1851K, committed 1920K, reserved 1048576K
Event: 0.767 GC heap after
Heap after GC invocations=8 (full 4):
 PSYoungGen      total 298496K, used 0K [0x00000000eab00000, 0x00000000ff800000, 0x0000000100000000)
  eden space 256000K, 0% used [0x00000000eab00000,0x00000000eab00000,0x00000000fa500000)
  from space 42496K, 0% used [0x00000000fce80000,0x00000000fce80000,0x00000000ff800000)
  to   space 42496K, 0% used [0x00000000fa500000,0x00000000fa500000,0x00000000fce80000)
 ParOldGen       total 683008K, used 12285K [0x00000000c0000000, 0x00000000e9b00000, 0x00000000eab00000)
  object space 683008K, 1% used [0x00000000c0000000,0x00000000c0bff478,0x00000000e9b00000)
 Metaspace       used 15152K, capacity 15348K, committed 15488K, reserved 1062912K
  class space    used 1755K, capacity 1851K, committed 1920K, reserved 1048576K
}
Event: 103.352 GC heap before
{Heap before GC invocations=9 (full 4):
 PSYoungGen      total 298496K, used 138012K [0x00000000eab00000, 0x00000000ff800000, 0x0000000100000000)
  eden space 256000K, 53% used [0x00000000eab00000,0x00000000f31c7340,0x00000000fa500000)
  from space 42496K, 0% used [0x00000000fce80000,0x00000000fce80000,0x00000000ff800000)
  to   space 42496K, 0% used [0x00000000fa500000,0x00000000fa500000,0x00000000fce80000)
 ParOldGen       total 683008K, used 12285K [0x00000000c0000000, 0x00000000e9b00000, 0x00000000eab00000)
  object space 683008K, 1% used [0x00000000c0000000,0x00000000c0bff478,0x00000000e9b00000)
 Metaspace       used 17987K, capacity 18234K, committed 18304K, reserved 1064960K
  class space    used 2026K, capacity 2108K, committed 2176K, reserved 1048576K
Event: 103.354 GC heap after
Heap after GC invocations=9 (full 4):
 PSYoungGen      total 298496K, used 3613K [0x00000000eab00000, 0x00000000ff800000, 0x0000000100000000)
  eden space 256000K, 0% used [0x00000000eab00000,0x00000000eab00000,0x00000000fa500000)
  from space 42496K, 8% used [0x00000000fa500000,0x00000000fa8875d0,0x00000000fce80000)
  to   space 42496K, 0% used [0x00000000fce80000,0x00000000fce80000,0x00000000ff800000)
 ParOldGen       total 683008K, used 12372K [0x00000000c0000000, 0x00000000e9b00000, 0x00000000eab00000)
  object space 683008K, 1% used [0x00000000c0000000,0x00000000c0c150c8,0x00000000e9b00000)
 Metaspace       used 17987K, capacity 18234K, committed 18304K, reserved 1064960K
  class space    used 2026K, capacity 2108K, committed 2176K, reserved 1048576K
}
Event: 103.354 GC heap before
{Heap before GC invocations=10 (full 5):
 PSYoungGen      total 298496K, used 3613K [0x00000000eab00000, 0x00000000ff800000, 0x0000000100000000)
  eden space 256000K, 0% used [0x00000000eab00000,0x00000000eab00000,0x00000000fa500000)
  from space 42496K, 8% used [0x00000000fa500000,0x00000000fa8875d0,0x00000000fce80000)
  to   space 42496K, 0% used [0x00000000fce80000,0x00000000fce80000,0x00000000ff800000)
 ParOldGen       total 683008K, used 12372K [0x00000000c0000000, 0x00000000e9b00000, 0x00000000eab00000)
  object space 683008K, 1% used [0x00000000c0000000,0x00000000c0c150c8,0x00000000e9b00000)
 Metaspace       used 17987K, capacity 18234K, committed 18304K, reserved 1064960K
  class space    used 2026K, capacity 2108K, committed 2176K, reserved 1048576K
Event: 103.392 GC heap after
Heap after GC invocations=10 (full 5):
 PSYoungGen      total 298496K, used 0K [0x00000000eab00000, 0x00000000ff800000, 0x0000000100000000)
  eden space 256000K, 0% used [0x00000000eab00000,0x00000000eab00000,0x00000000fa500000)
  from space 42496K, 0% used [0x00000000fa500000,0x00000000fa500000,0x00000000fce80000)
  to   space 42496K, 0% used [0x00000000fce80000,0x00000000fce80000,0x00000000ff800000)
 ParOldGen       total 683008K, used 15689K [0x00000000c0000000, 0x00000000e9b00000, 0x00000000eab00000)
  object space 683008K, 2% used [0x00000000c0000000,0x00000000c0f52790,0x00000000e9b00000)
 Metaspace       used 17987K, capacity 18234K, committed 18304K, reserved 1064960K
  class space    used 2026K, capacity 2108K, committed 2176K, reserved 1048576K
}
Event: 103.454 GC heap before
{Heap before GC invocations=11 (full 5):
 PSYoungGen      total 298496K, used 7108K [0x00000000eab00000, 0x00000000ff800000, 0x0000000100000000)
  eden space 256000K, 2% used [0x00000000eab00000,0x00000000eb1f1310,0x00000000fa500000)
  from space 42496K, 0% used [0x00000000fa500000,0x00000000fa500000,0x00000000fce80000)
  to   space 42496K, 0% used [0x00000000fce80000,0x00000000fce80000,0x00000000ff800000)
 ParOldGen       total 683008K, used 15689K [0x00000000c0000000, 0x00000000e9b00000, 0x00000000eab00000)
  object space 683008K, 2% used [0x00000000c0000000,0x00000000c0f52790,0x00000000e9b00000)
 Metaspace       used 17987K, capacity 18234K, committed 18304K, reserved 1064960K
  class space    used 2026K, capacity 2108K, committed 2176K, reserved 1048576K
Event: 103.455 GC heap after
Heap after GC invocations=11 (full 5):
 PSYoungGen      total 298496K, used 64K [0x00000000eab00000, 0x00000000ff800000, 0x0000000100000000)
  eden space 256000K, 0% used [0x00000000eab00000,0x00000000eab00000,0x00000000fa500000)
  from space 42496K, 0% used [0x00000000fce80000,0x00000000fce90000,0x00000000ff800000)
  to   space 42496K, 0% used [0x00000000fa500000,0x00000000fa500000,0x00000000fce80000)
 ParOldGen       total 683008K, used 15689K [0x00000000c0000000, 0x00000000e9b00000, 0x00000000eab00000)
  object space 683008K, 2% used [0x00000000c0000000,0x00000000c0f52790,0x00000000e9b00000)
 Metaspace       used 17987K, capacity 18234K, committed 18304K, reserved 1064960K
  class space    used 2026K, capacity 2108K, committed 2176K, reserved 1048576K
}
Event: 103.455 GC heap before
{Heap before GC invocations=12 (full 6):
 PSYoungGen      total 298496K, used 64K [0x00000000eab00000, 0x00000000ff800000, 0x0000000100000000)
  eden space 256000K, 0% used [0x00000000eab00000,0x00000000eab00000,0x00000000fa500000)
  from space 42496K, 0% used [0x00000000fce80000,0x00000000fce90000,0x00000000ff800000)
  to   space 42496K, 0% used [0x00000000fa500000,0x00000000fa500000,0x00000000fce80000)
 ParOldGen       total 683008K, used 15689K [0x00000000c0000000, 0x00000000e9b00000, 0x00000000eab00000)
  object space 683008K, 2% used [0x00000000c0000000,0x00000000c0f52790,0x00000000e9b00000)
 Metaspace       used 17987K, capacity 18234K, committed 18304K, reserved 1064960K
  class space    used 2026K, capacity 2108K, committed 2176K, reserved 1048576K
Event: 103.479 GC heap after
Heap after GC invocations=12 (full 6):
 PSYoungGen      total 298496K, used 0K [0x00000000eab00000, 0x00000000ff800000, 0x0000000100000000)
  eden space 256000K, 0% used [0x00000000eab00000,0x00000000eab00000,0x00000000fa500000)
  from space 42496K, 0% used [0x00000000fce80000,0x00000000fce80000,0x00000000ff800000)
  to   space 42496K, 0% used [0x00000000fa500000,0x00000000fa500000,0x00000000fce80000)
 ParOldGen       total 683008K, used 14449K [0x00000000c0000000, 0x00000000e9b00000, 0x00000000eab00000)
  object space 683008K, 2% used [0x00000000c0000000,0x00000000c0e1c6c8,0x00000000e9b00000)
 Metaspace       used 17987K, capacity 18234K, committed 18304K, reserved 1064960K
  class space    used 2026K, capacity 2108K, committed 2176K, reserved 1048576K
}
Event: 118.859 GC heap before
{Heap before GC invocations=13 (full 6):
 PSYoungGen      total 298496K, used 64313K [0x00000000eab00000, 0x00000000ff800000, 0x0000000100000000)
  eden space 256000K, 25% used [0x00000000eab00000,0x00000000ee9ce658,0x00000000fa500000)
  from space 42496K, 0% used [0x00000000fce80000,0x00000000fce80000,0x00000000ff800000)
  to   space 42496K, 0% used [0x00000000fa500000,0x00000000fa500000,0x00000000fce80000)
 ParOldGen       total 683008K, used 14449K [0x00000000c0000000, 0x00000000e9b00000, 0x00000000eab00000)
  object space 683008K, 2% used [0x00000000c0000000,0x00000000c0e1c6c8,0x00000000e9b00000)
 Metaspace       used 18011K, capacity 18234K, committed 18304K, reserved 1064960K
  class space    used 2026K, capacity 2108K, committed 2176K, reserved 1048576K
Event: 118.860 GC heap after
Heap after GC invocations=13 (full 6):
 PSYoungGen      total 298496K, used 832K [0x00000000eab00000, 0x00000000ff800000, 0x0000000100000000)
  eden space 256000K, 0% used [0x00000000eab00000,0x00000000eab00000,0x00000000fa500000)
  from space 42496K, 1% used [0x00000000fa500000,0x00000000fa5d0020,0x00000000fce80000)
  to   space 42496K, 0% used [0x00000000fce80000,0x00000000fce80000,0x00000000ff800000)
 ParOldGen       total 683008K, used 14457K [0x00000000c0000000, 0x00000000e9b00000, 0x00000000eab00000)
  object space 683008K, 2% used [0x00000000c0000000,0x00000000c0e1e6c8,0x00000000e9b00000)
 Metaspace       used 18011K, capacity 18234K, committed 18304K, reserved 1064960K
  class space    used 2026K, capacity 2108K, committed 2176K, reserved 1048576K
}
Event: 118.861 GC heap before
{Heap before GC invocations=14 (full 7):
 PSYoungGen      total 298496K, used 832K [0x00000000eab00000, 0x00000000ff800000, 0x0000000100000000)
  eden space 256000K, 0% used [0x00000000eab00000,0x00000000eab00000,0x00000000fa500000)
  from space 42496K, 1% used [0x00000000fa500000,0x00000000fa5d0020,0x00000000fce80000)
  to   space 42496K, 0% used [0x00000000fce80000,0x00000000fce80000,0x00000000ff800000)
 ParOldGen       total 683008K, used 14457K [0x00000000c0000000, 0x00000000e9b00000, 0x00000000eab00000)
  object space 683008K, 2% used [0x00000000c0000000,0x00000000c0e1e6c8,0x00000000e9b00000)
 Metaspace       used 18011K, capacity 18234K, committed 18304K, reserved 1064960K
  class space    used 2026K, capacity 2108K, committed 2176K, reserved 1048576K
Event: 118.878 GC heap after
Heap after GC invocations=14 (full 7):
 PSYoungGen      total 298496K, used 0K [0x00000000eab00000, 0x00000000ff800000, 0x0000000100000000)
  eden space 256000K, 0% used [0x00000000eab00000,0x00000000eab00000,0x00000000fa500000)
  from space 42496K, 0% used [0x00000000fa500000,0x00000000fa500000,0x00000000fce80000)
  to   space 42496K, 0% used [0x00000000fce80000,0x00000000fce80000,0x00000000ff800000)
 ParOldGen       total 683008K, used 15029K [0x00000000c0000000, 0x00000000e9b00000, 0x00000000eab00000)
  object space 683008K, 2% used [0x00000000c0000000,0x00000000c0ead550,0x00000000e9b00000)
 Metaspace       used 18011K, capacity 18234K, committed 18304K, reserved 1064960K
  class space    used 2026K, capacity 2108K, committed 2176K, reserved 1048576K
}
Event: 119.850 GC heap before
{Heap before GC invocations=15 (full 7):
 PSYoungGen      total 298496K, used 157259K [0x00000000eab00000, 0x00000000ff800000, 0x0000000100000000)
  eden space 256000K, 61% used [0x00000000eab00000,0x00000000f4492c58,0x00000000fa500000)
  from space 42496K, 0% used [0x00000000fa500000,0x00000000fa500000,0x00000000fce80000)
  to   space 42496K, 0% used [0x00000000fce80000,0x00000000fce80000,0x00000000ff800000)
 ParOldGen       total 683008K, used 15029K [0x00000000c0000000, 0x00000000e9b00000, 0x00000000eab00000)
  object space 683008K, 2% used [0x00000000c0000000,0x00000000c0ead550,0x00000000e9b00000)
 Metaspace       used 18014K, capacity 18234K, committed 18304K, reserved 1064960K
  class space    used 2026K, capacity 2108K, committed 2176K, reserved 1048576K
Event: 119.851 GC heap after
Heap after GC invocations=15 (full 7):
 PSYoungGen      total 298496K, used 192K [0x00000000eab00000, 0x00000000ff800000, 0x0000000100000000)
  eden space 256000K, 0% used [0x00000000eab00000,0x00000000eab00000,0x00000000fa500000)
  from space 42496K, 0% used [0x00000000fce80000,0x00000000fceb0010,0x00000000ff800000)
  to   space 42496K, 0% used [0x00000000fa500000,0x00000000fa500000,0x00000000fce80000)
 ParOldGen       total 683008K, used 15029K [0x00000000c0000000, 0x00000000e9b00000, 0x00000000eab00000)
  object space 683008K, 2% used [0x00000000c0000000,0x00000000c0ead550,0x00000000e9b00000)
 Metaspace       used 18014K, capacity 18234K, committed 18304K, reserved 1064960K
  class space    used 2026K, capacity 2108K, committed 2176K, reserved 1048576K
}
Event: 119.851 GC heap before
{Heap before GC invocations=16 (full 8):
 PSYoungGen      total 298496K, used 192K [0x00000000eab00000, 0x00000000ff800000, 0x0000000100000000)
  eden space 256000K, 0% used [0x00000000eab00000,0x00000000eab00000,0x00000000fa500000)
  from space 42496K, 0% used [0x00000000fce80000,0x00000000fceb0010,0x00000000ff800000)
  to   space 42496K, 0% used [0x00000000fa500000,0x00000000fa500000,0x00000000fce80000)
 ParOldGen       total 683008K, used 15029K [0x00000000c0000000, 0x00000000e9b00000, 0x00000000eab00000)
  object space 683008K, 2% used [0x00000000c0000000,0x00000000c0ead550,0x00000000e9b00000)
 Metaspace       used 18014K, capacity 18234K, committed 18304K, reserved 1064960K
  class space    used 2026K, capacity 2108K, committed 2176K, reserved 1048576K
Event: 119.866 GC heap after
Heap after GC invocations=16 (full 8):
 PSYoungGen      total 298496K, used 0K [0x00000000eab00000, 0x00000000ff800000, 0x0000000100000000)
  eden space 256000K, 0% used [0x00000000eab00000,0x00000000eab00000,0x00000000fa500000)
  from space 42496K, 0% used [0x00000000fce80000,0x00000000fce80000,0x00000000ff800000)
  to   space 42496K, 0% used [0x00000000fa500000,0x00000000fa500000,0x00000000fce80000)
 ParOldGen       total 683008K, used 15084K [0x00000000c0000000, 0x00000000e9b00000, 0x00000000eab00000)
  object space 683008K, 2% used [0x00000000c0000000,0x00000000c0ebb1a0,0x00000000e9b00000)
 Metaspace       used 18014K, capacity 18234K, committed 18304K, reserved 1064960K
  class space    used 2026K, capacity 2108K, committed 2176K, reserved 1048576K
}
Event: 156.425 GC heap before
{Heap before GC invocations=17 (full 8):
 PSYoungGen      total 298496K, used 1664K [0x00000000eab00000, 0x00000000ff800000, 0x0000000100000000)
  eden space 256000K, 0% used [0x00000000eab00000,0x00000000eaca0048,0x00000000fa500000)
  from space 42496K, 0% used [0x00000000fce80000,0x00000000fce80000,0x00000000ff800000)
  to   space 42496K, 0% used [0x00000000fa500000,0x00000000fa500000,0x00000000fce80000)
 ParOldGen       total 683008K, used 15084K [0x00000000c0000000, 0x00000000e9b00000, 0x00000000eab00000)
  object space 683008K, 2% used [0x00000000c0000000,0x00000000c0ebb1a0,0x00000000e9b00000)
 Metaspace       used 18014K, capacity 18234K, committed 18304K, reserved 1064960K
  class space    used 2026K, capacity 2108K, committed 2176K, reserved 1048576K
Event: 156.426 GC heap after
Heap after GC invocations=17 (full 8):
 PSYoungGen      total 298496K, used 64K [0x00000000eab00000, 0x00000000ff800000, 0x0000000100000000)
  eden space 256000K, 0% used [0x00000000eab00000,0x00000000eab00000,0x00000000fa500000)
  from space 42496K, 0% used [0x00000000fa500000,0x00000000fa510000,0x00000000fce80000)
  to   space 42496K, 0% used [0x00000000fce80000,0x00000000fce80000,0x00000000ff800000)
 ParOldGen       total 683008K, used 15084K [0x00000000c0000000, 0x00000000e9b00000, 0x00000000eab00000)
  object space 683008K, 2% used [0x00000000c0000000,0x00000000c0ebb1a0,0x00000000e9b00000)
 Metaspace       used 18014K, capacity 18234K, committed 18304K, reserved 1064960K
  class space    used 2026K, capacity 2108K, committed 2176K, reserved 1048576K
}
Event: 156.426 GC heap before
{Heap before GC invocations=18 (full 9):
 PSYoungGen      total 298496K, used 64K [0x00000000eab00000, 0x00000000ff800000, 0x0000000100000000)
  eden space 256000K, 0% used [0x00000000eab00000,0x00000000eab00000,0x00000000fa500000)
  from space 42496K, 0% used [0x00000000fa500000,0x00000000fa510000,0x00000000fce80000)
  to   space 42496K, 0% used [0x00000000fce80000,0x00000000fce80000,0x00000000ff800000)
 ParOldGen       total 683008K, used 15084K [0x00000000c0000000, 0x00000000e9b00000, 0x00000000eab00000)
  object space 683008K, 2% used [0x00000000c0000000,0x00000000c0ebb1a0,0x00000000e9b00000)
 Metaspace       used 18014K, capacity 18234K, committed 18304K, reserved 1064960K
  class space    used 2026K, capacity 2108K, committed 2176K, reserved 1048576K
Event: 156.442 GC heap after
Heap after GC invocations=18 (full 9):
 PSYoungGen      total 298496K, used 0K [0x00000000eab00000, 0x00000000ff800000, 0x0000000100000000)
  eden space 256000K, 0% used [0x00000000eab00000,0x00000000eab00000,0x00000000fa500000)
  from space 42496K, 0% used [0x00000000fa500000,0x00000000fa500000,0x00000000fce80000)
  to   space 42496K, 0% used [0x00000000fce80000,0x00000000fce80000,0x00000000ff800000)
 ParOldGen       total 683008K, used 14511K [0x00000000c0000000, 0x00000000e9b00000, 0x00000000eab00000)
  object space 683008K, 2% used [0x00000000c0000000,0x00000000c0e2bda8,0x00000000e9b00000)
 Metaspace       used 18014K, capacity 18234K, committed 18304K, reserved 1064960K
  class space    used 2026K, capacity 2108K, committed 2176K, reserved 1048576K
}
Event: 156.683 GC heap before
{Heap before GC invocations=19 (full 9):
 PSYoungGen      total 298496K, used 70577K [0x00000000eab00000, 0x00000000ff800000, 0x0000000100000000)
  eden space 256000K, 27% used [0x00000000eab00000,0x00000000eefec4e8,0x00000000fa500000)
  from space 42496K, 0% used [0x00000000fa500000,0x00000000fa500000,0x00000000fce80000)
  to   space 42496K, 0% used [0x00000000fce80000,0x00000000fce80000,0x00000000ff800000)
 ParOldGen       total 683008K, used 14511K [0x00000000c0000000, 0x00000000e9b00000, 0x00000000eab00000)
  object space 683008K, 2% used [0x00000000c0000000,0x00000000c0e2bda8,0x00000000e9b00000)
 Metaspace       used 18024K, capacity 18234K, committed 18304K, reserved 1064960K
  class space    used 2026K, capacity 2108K, committed 2176K, reserved 1048576K
Event: 156.684 GC heap after
Heap after GC invocations=19 (full 9):
 PSYoungGen      total 298496K, used 768K [0x00000000eab00000, 0x00000000ff800000, 0x0000000100000000)
  eden space 256000K, 0% used [0x00000000eab00000,0x00000000eab00000,0x00000000fa500000)
  from space 42496K, 1% used [0x00000000fce80000,0x00000000fcf40010,0x00000000ff800000)
  to   space 42496K, 0% used [0x00000000fa500000,0x00000000fa500000,0x00000000fce80000)
 ParOldGen       total 683008K, used 14519K [0x00000000c0000000, 0x00000000e9b00000, 0x00000000eab00000)
  object space 683008K, 2% used [0x00000000c0000000,0x00000000c0e2dda8,0x00000000e9b00000)
 Metaspace       used 18024K, capacity 18234K, committed 18304K, reserved 1064960K
  class space    used 2026K, capacity 2108K, committed 2176K, reserved 1048576K
}
Event: 156.684 GC heap before
{Heap before GC invocations=20 (full 10):
 PSYoungGen      total 298496K, used 768K [0x00000000eab00000, 0x00000000ff800000, 0x0000000100000000)
  eden space 256000K, 0% used [0x00000000eab00000,0x00000000eab00000,0x00000000fa500000)
  from space 42496K, 1% used [0x00000000fce80000,0x00000000fcf40010,0x00000000ff800000)
  to   space 42496K, 0% used [0x00000000fa500000,0x00000000fa500000,0x00000000fce80000)
 ParOldGen       total 683008K, used 14519K [0x00000000c0000000, 0x00000000e9b00000, 0x00000000eab00000)
  object space 683008K, 2% used [0x00000000c0000000,0x00000000c0e2dda8,0x00000000e9b00000)
 Metaspace       used 18024K, capacity 18234K, committed 18304K, reserved 1064960K
  class space    used 2026K, capacity 2108K, committed 2176K, reserved 1048576K
Event: 156.702 GC heap after
Heap after GC invocations=20 (full 10):
 PSYoungGen      total 298496K, used 0K [0x00000000eab00000, 0x00000000ff800000, 0x0000000100000000)
  eden space 256000K, 0% used [0x00000000eab00000,0x00000000eab00000,0x00000000fa500000)
  from space 42496K, 0% used [0x00000000fce80000,0x00000000fce80000,0x00000000ff800000)
  to   space 42496K, 0% used [0x00000000fa500000,0x00000000fa500000,0x00000000fce80000)
 ParOldGen       total 683008K, used 15087K [0x00000000c0000000, 0x00000000e9b00000, 0x00000000eab00000)
  object space 683008K, 2% used [0x00000000c0000000,0x00000000c0ebbcd0,0x00000000e9b00000)
 Metaspace       used 18024K, capacity 18234K, committed 18304K, reserved 1064960K
  class space    used 2026K, capacity 2108K, committed 2176K, reserved 1048576K
}
Event: 156.952 GC heap before
{Heap before GC invocations=21 (full 10):
 PSYoungGen      total 298496K, used 134548K [0x00000000eab00000, 0x00000000ff800000, 0x0000000100000000)
  eden space 256000K, 52% used [0x00000000eab00000,0x00000000f2e65000,0x00000000fa500000)
  from space 42496K, 0% used [0x00000000fce80000,0x00000000fce80000,0x00000000ff800000)
  to   space 42496K, 0% used [0x00000000fa500000,0x00000000fa500000,0x00000000fce80000)
 ParOldGen       total 683008K, used 15087K [0x00000000c0000000, 0x00000000e9b00000, 0x00000000eab00000)
  object space 683008K, 2% used [0x00000000c0000000,0x00000000c0ebbcd0,0x00000000e9b00000)
 Metaspace       used 18024K, capacity 18234K, committed 18304K, reserved 1064960K
  class space    used 2026K, capacity 2108K, committed 2176K, reserved 1048576K
Event: 156.953 GC heap after
Heap after GC invocations=21 (full 10):
 PSYoungGen      total 298496K, used 128K [0x00000000eab00000, 0x00000000ff800000, 0x0000000100000000)
  eden space 256000K, 0% used [0x00000000eab00000,0x00000000eab00000,0x00000000fa500000)
  from space 42496K, 0% used [0x00000000fa500000,0x00000000fa520010,0x00000000fce80000)
  to   space 42496K, 0% used [0x00000000fce80000,0x00000000fce80000,0x00000000ff800000)
 ParOldGen       total 683008K, used 15087K [0x00000000c0000000, 0x00000000e9b00000, 0x00000000eab00000)
  object space 683008K, 2% used [0x00000000c0000000,0x00000000c0ebbcd0,0x00000000e9b00000)
 Metaspace       used 18024K, capacity 18234K, committed 18304K, reserved 1064960K
  class space    used 2026K, capacity 2108K, committed 2176K, reserved 1048576K
}
Event: 156.953 GC heap before
{Heap before GC invocations=22 (full 11):
 PSYoungGen      total 298496K, used 128K [0x00000000eab00000, 0x00000000ff800000, 0x0000000100000000)
  eden space 256000K, 0% used [0x00000000eab00000,0x00000000eab00000,0x00000000fa500000)
  from space 42496K, 0% used [0x00000000fa500000,0x00000000fa520010,0x00000000fce80000)
  to   space 42496K, 0% used [0x00000000fce80000,0x00000000fce80000,0x00000000ff800000)
 ParOldGen       total 683008K, used 15087K [0x00000000c0000000, 0x00000000e9b00000, 0x00000000eab00000)
  object space 683008K, 2% used [0x00000000c0000000,0x00000000c0ebbcd0,0x00000000e9b00000)
 Metaspace       used 18024K, capacity 18234K, committed 18304K, reserved 1064960K
  class space    used 2026K, capacity 2108K, committed 2176K, reserved 1048576K
Event: 156.965 GC heap after
Heap after GC invocations=22 (full 11):
 PSYoungGen      total 298496K, used 0K [0x00000000eab00000, 0x00000000ff800000, 0x0000000100000000)
  eden space 256000K, 0% used [0x00000000eab00000,0x00000000eab00000,0x00000000fa500000)
  from space 42496K, 0% used [0x00000000fa500000,0x00000000fa500000,0x00000000fce80000)
  to   space 42496K, 0% used [0x00000000fce80000,0x00000000fce80000,0x00000000ff800000)
 ParOldGen       total 683008K, used 14512K [0x00000000c0000000, 0x00000000e9b00000, 0x00000000eab00000)
  object space 683008K, 2% used [0x00000000c0000000,0x00000000c0e2c008,0x00000000e9b00000)
 Metaspace       used 18024K, capacity 18234K, committed 18304K, reserved 1064960K
  class space    used 2026K, capacity 2108K, committed 2176K, reserved 1048576K
}
Event: 184.618 GC heap before
{Heap before GC invocations=23 (full 11):
 PSYoungGen      total 298496K, used 40780K [0x00000000eab00000, 0x00000000ff800000, 0x0000000100000000)
  eden space 256000K, 15% used [0x00000000eab00000,0x00000000ed2d32f0,0x00000000fa500000)
  from space 42496K, 0% used [0x00000000fa500000,0x00000000fa500000,0x00000000fce80000)
  to   space 42496K, 0% used [0x00000000fce80000,0x00000000fce80000,0x00000000ff800000)
 ParOldGen       total 683008K, used 14512K [0x00000000c0000000, 0x00000000e9b00000, 0x00000000eab00000)
  object space 683008K, 2% used [0x00000000c0000000,0x00000000c0e2c008,0x00000000e9b00000)
 Metaspace       used 18036K, capacity 18234K, committed 18304K, reserved 1064960K
  class space    used 2026K, capacity 2108K, committed 2176K, reserved 1048576K
Event: 184.620 GC heap after
Heap after GC invocations=23 (full 11):
 PSYoungGen      total 298496K, used 832K [0x00000000eab00000, 0x00000000ff800000, 0x0000000100000000)
  eden space 256000K, 0% used [0x00000000eab00000,0x00000000eab00000,0x00000000fa500000)
  from space 42496K, 1% used [0x00000000fce80000,0x00000000fcf50010,0x00000000ff800000)
  to   space 42496K, 0% used [0x00000000fa500000,0x00000000fa500000,0x00000000fce80000)
 ParOldGen       total 683008K, used 14512K [0x00000000c0000000, 0x00000000e9b00000, 0x00000000eab00000)
  object space 683008K, 2% used [0x00000000c0000000,0x00000000c0e2c008,0x00000000e9b00000)
 Metaspace       used 18036K, capacity 18234K, committed 18304K, reserved 1064960K
  class space    used 2026K, capacity 2108K, committed 2176K, reserved 1048576K
}
Event: 184.620 GC heap before
{Heap before GC invocations=24 (full 12):
 PSYoungGen      total 298496K, used 832K [0x00000000eab00000, 0x00000000ff800000, 0x0000000100000000)
  eden space 256000K, 0% used [0x00000000eab00000,0x00000000eab00000,0x00000000fa500000)
  from space 42496K, 1% used [0x00000000fce80000,0x00000000fcf50010,0x00000000ff800000)
  to   space 42496K, 0% used [0x00000000fa500000,0x00000000fa500000,0x00000000fce80000)
 ParOldGen       total 683008K, used 14512K [0x00000000c0000000, 0x00000000e9b00000, 0x00000000eab00000)
  object space 683008K, 2% used [0x00000000c0000000,0x00000000c0e2c008,0x00000000e9b00000)
 Metaspace       used 18036K, capacity 18234K, committed 18304K, reserved 1064960K
  class space    used 2026K, capacity 2108K, committed 2176K, reserved 1048576K
Event: 184.634 GC heap after
Heap after GC invocations=24 (full 12):
 PSYoungGen      total 298496K, used 0K [0x00000000eab00000, 0x00000000ff800000, 0x0000000100000000)
  eden space 256000K, 0% used [0x00000000eab00000,0x00000000eab00000,0x00000000fa500000)
  from space 42496K, 0% used [0x00000000fce80000,0x00000000fce80000,0x00000000ff800000)
  to   space 42496K, 0% used [0x00000000fa500000,0x00000000fa500000,0x00000000fce80000)
 ParOldGen       total 683008K, used 15087K [0x00000000c0000000, 0x00000000e9b00000, 0x00000000eab00000)
  object space 683008K, 2% used [0x00000000c0000000,0x00000000c0ebbc90,0x00000000e9b00000)
 Metaspace       used 18036K, capacity 18234K, committed 18304K, reserved 1064960K
  class space    used 2026K, capacity 2108K, committed 2176K, reserved 1048576K
}
Event: 186.197 GC heap before
{Heap before GC invocations=25 (full 12):
 PSYoungGen      total 298496K, used 251739K [0x00000000eab00000, 0x00000000ff800000, 0x0000000100000000)
  eden space 256000K, 98% used [0x00000000eab00000,0x00000000fa0d6e18,0x00000000fa500000)
  from space 42496K, 0% used [0x00000000fce80000,0x00000000fce80000,0x00000000ff800000)
  to   space 42496K, 0% used [0x00000000fa500000,0x00000000fa500000,0x00000000fce80000)
 ParOldGen       total 683008K, used 15087K [0x00000000c0000000, 0x00000000e9b00000, 0x00000000eab00000)
  object space 683008K, 2% used [0x00000000c0000000,0x00000000c0ebbc90,0x00000000e9b00000)
 Metaspace       used 18037K, capacity 18234K, committed 18304K, reserved 1064960K
  class space    used 2026K, capacity 2108K, committed 2176K, reserved 1048576K
Event: 186.198 GC heap after
Heap after GC invocations=25 (full 12):
 PSYoungGen      total 298496K, used 2176K [0x00000000eab00000, 0x00000000ff800000, 0x0000000100000000)
  eden space 256000K, 0% used [0x00000000eab00000,0x00000000eab00000,0x00000000fa500000)
  from space 42496K, 5% used [0x00000000fa500000,0x00000000fa720020,0x00000000fce80000)
  to   space 42496K, 0% used [0x00000000fce80000,0x00000000fce80000,0x00000000ff800000)
 ParOldGen       total 683008K, used 15087K [0x00000000c0000000, 0x00000000e9b00000, 0x00000000eab00000)
  object space 683008K, 2% used [0x00000000c0000000,0x00000000c0ebbc90,0x00000000e9b00000)
 Metaspace       used 18037K, capacity 18234K, committed 18304K, reserved 1064960K
  class space    used 2026K, capacity 2108K, committed 2176K, reserved 1048576K
}
Event: 188.916 GC heap before
{Heap before GC invocations=26 (full 12):
 PSYoungGen      total 298496K, used 254040K [0x00000000eab00000, 0x00000000ff800000, 0x0000000100000000)
  eden space 256000K, 98% used [0x00000000eab00000,0x00000000fa0f6130,0x00000000fa500000)
  from space 42496K, 5% used [0x00000000fa500000,0x00000000fa720020,0x00000000fce80000)
  to   space 42496K, 0% used [0x00000000fce80000,0x00000000fce80000,0x00000000ff800000)
 ParOldGen       total 683008K, used 15087K [0x00000000c0000000, 0x00000000e9b00000, 0x00000000eab00000)
  object space 683008K, 2% used [0x00000000c0000000,0x00000000c0ebbc90,0x00000000e9b00000)
 Metaspace       used 18037K, capacity 18234K, committed 18304K, reserved 1064960K
  class space    used 2026K, capacity 2108K, committed 2176K, reserved 1048576K
Event: 188.917 GC heap after
Heap after GC invocations=26 (full 12):
 PSYoungGen      total 298496K, used 2176K [0x00000000eab00000, 0x00000000ff800000, 0x0000000100000000)
  eden space 256000K, 0% used [0x00000000eab00000,0x00000000eab00000,0x00000000fa500000)
  from space 42496K, 5% used [0x00000000fce80000,0x00000000fd0a0020,0x00000000ff800000)
  to   space 42496K, 0% used [0x00000000fa500000,0x00000000fa500000,0x00000000fce80000)
 ParOldGen       total 683008K, used 15087K [0x00000000c0000000, 0x00000000e9b00000, 0x00000000eab00000)
  object space 683008K, 2% used [0x00000000c0000000,0x00000000c0ebbc90,0x00000000e9b00000)
 Metaspace       used 18037K, capacity 18234K, committed 18304K, reserved 1064960K
  class space    used 2026K, capacity 2108K, committed 2176K, reserved 1048576K
}
Event: 188.976 GC heap before
{Heap before GC invocations=27 (full 12):
 PSYoungGen      total 298496K, used 18615K [0x00000000eab00000, 0x00000000ff800000, 0x0000000100000000)
  eden space 256000K, 6% used [0x00000000eab00000,0x00000000ebb0de80,0x00000000fa500000)
  from space 42496K, 5% used [0x00000000fce80000,0x00000000fd0a0020,0x00000000ff800000)
  to   space 42496K, 0% used [0x00000000fa500000,0x00000000fa500000,0x00000000fce80000)
 ParOldGen       total 683008K, used 15087K [0x00000000c0000000, 0x00000000e9b00000, 0x00000000eab00000)
  object space 683008K, 2% used [0x00000000c0000000,0x00000000c0ebbc90,0x00000000e9b00000)
 Metaspace       used 18037K, capacity 18234K, committed 18304K, reserved 1064960K
  class space    used 2026K, capacity 2108K, committed 2176K, reserved 1048576K
Event: 188.977 GC heap after
Heap after GC invocations=27 (full 12):
 PSYoungGen      total 298496K, used 2208K [0x00000000eab00000, 0x00000000ff800000, 0x0000000100000000)
  eden space 256000K, 0% used [0x00000000eab00000,0x00000000eab00000,0x00000000fa500000)
  from space 42496K, 5% used [0x00000000fa500000,0x00000000fa728020,0x00000000fce80000)
  to   space 42496K, 0% used [0x00000000fce80000,0x00000000fce80000,0x00000000ff800000)
 ParOldGen       total 683008K, used 15087K [0x00000000c0000000, 0x00000000e9b00000, 0x00000000eab00000)
  object space 683008K, 2% used [0x00000000c0000000,0x00000000c0ebbc90,0x00000000e9b00000)
 Metaspace       used 18037K, capacity 18234K, committed 18304K, reserved 1064960K
  class space    used 2026K, capacity 2108K, committed 2176K, reserved 1048576K
}
Event: 188.977 GC heap before
{Heap before GC invocations=28 (full 13):
 PSYoungGen      total 298496K, used 2208K [0x00000000eab00000, 0x00000000ff800000, 0x0000000100000000)
  eden space 256000K, 0% used [0x00000000eab00000,0x00000000eab00000,0x00000000fa500000)
  from space 42496K, 5% used [0x00000000fa500000,0x00000000fa728020,0x00000000fce80000)
  to   space 42496K, 0% used [0x00000000fce80000,0x00000000fce80000,0x00000000ff800000)
 ParOldGen       total 683008K, used 15087K [0x00000000c0000000, 0x00000000e9b00000, 0x00000000eab00000)
  object space 683008K, 2% used [0x00000000c0000000,0x00000000c0ebbc90,0x00000000e9b00000)
 Metaspace       used 18037K, capacity 18234K, committed 18304K, reserved 1064960K
  class space    used 2026K, capacity 2108K, committed 2176K, reserved 1048576K
Event: 188.990 GC heap after
Heap after GC invocations=28 (full 13):
 PSYoungGen      total 298496K, used 0K [0x00000000eab00000, 0x00000000ff800000, 0x0000000100000000)
  eden space 256000K, 0% used [0x00000000eab00000,0x00000000eab00000,0x00000000fa500000)
  from space 42496K, 0% used [0x00000000fa500000,0x00000000fa500000,0x00000000fce80000)
  to   space 42496K, 0% used [0x00000000fce80000,0x00000000fce80000,0x00000000ff800000)
 ParOldGen       total 683008K, used 16560K [0x00000000c0000000, 0x00000000e9b00000, 0x00000000eab00000)
  object space 683008K, 2% used [0x00000000c0000000,0x00000000c102c0b0,0x00000000e9b00000)
 Metaspace       used 18037K, capacity 18234K, committed 18304K, reserved 1064960K
  class space    used 2026K, capacity 2108K, committed 2176K, reserved 1048576K
}
Event: 191.684 GC heap before
{Heap before GC invocations=29 (full 13):
 PSYoungGen      total 298496K, used 252831K [0x00000000eab00000, 0x00000000ff800000, 0x0000000100000000)
  eden space 256000K, 98% used [0x00000000eab00000,0x00000000fa1e7d18,0x00000000fa500000)
  from space 42496K, 0% used [0x00000000fa500000,0x00000000fa500000,0x00000000fce80000)
  to   space 42496K, 0% used [0x00000000fce80000,0x00000000fce80000,0x00000000ff800000)
 ParOldGen       total 683008K, used 16560K [0x00000000c0000000, 0x00000000e9b00000, 0x00000000eab00000)
  object space 683008K, 2% used [0x00000000c0000000,0x00000000c102c0b0,0x00000000e9b00000)
 Metaspace       used 18042K, capacity 18234K, committed 18304K, reserved 1064960K
  class space    used 2026K, capacity 2108K, committed 2176K, reserved 1048576K
Event: 191.685 GC heap after
Heap after GC invocations=29 (full 13):
 PSYoungGen      total 298496K, used 2176K [0x00000000eab00000, 0x00000000ff800000, 0x0000000100000000)
  eden space 256000K, 0% used [0x00000000eab00000,0x00000000eab00000,0x00000000fa500000)
  from space 42496K, 5% used [0x00000000fce80000,0x00000000fd0a0020,0x00000000ff800000)
  to   space 42496K, 0% used [0x00000000fa500000,0x00000000fa500000,0x00000000fce80000)
 ParOldGen       total 683008K, used 16560K [0x00000000c0000000, 0x00000000e9b00000, 0x00000000eab00000)
  object space 683008K, 2% used [0x00000000c0000000,0x00000000c102c0b0,0x00000000e9b00000)
 Metaspace       used 18042K, capacity 18234K, committed 18304K, reserved 1064960K
  class space    used 2026K, capacity 2108K, committed 2176K, reserved 1048576K
}
Event: 191.745 GC heap before
{Heap before GC invocations=30 (full 13):
 PSYoungGen      total 298496K, used 18523K [0x00000000eab00000, 0x00000000ff800000, 0x0000000100000000)
  eden space 256000K, 6% used [0x00000000eab00000,0x00000000ebaf6c18,0x00000000fa500000)
  from space 42496K, 5% used [0x00000000fce80000,0x00000000fd0a0020,0x00000000ff800000)
  to   space 42496K, 0% used [0x00000000fa500000,0x00000000fa500000,0x00000000fce80000)
 ParOldGen       total 683008K, used 16560K [0x00000000c0000000, 0x00000000e9b00000, 0x00000000eab00000)
  object space 683008K, 2% used [0x00000000c0000000,0x00000000c102c0b0,0x00000000e9b00000)
 Metaspace       used 18055K, capacity 18234K, committed 18304K, reserved 1064960K
  class space    used 2026K, capacity 2108K, committed 2176K, reserved 1048576K
Event: 191.746 GC heap after
Heap after GC invocations=30 (full 13):
 PSYoungGen      total 298496K, used 2208K [0x00000000eab00000, 0x00000000ff800000, 0x0000000100000000)
  eden space 256000K, 0% used [0x00000000eab00000,0x00000000eab00000,0x00000000fa500000)
  from space 42496K, 5% used [0x00000000fa500000,0x00000000fa728020,0x00000000fce80000)
  to   space 42496K, 0% used [0x00000000fce80000,0x00000000fce80000,0x00000000ff800000)
 ParOldGen       total 683008K, used 16560K [0x00000000c0000000, 0x00000000e9b00000, 0x00000000eab00000)
  object space 683008K, 2% used [0x00000000c0000000,0x00000000c102c0b0,0x00000000e9b00000)
 Metaspace       used 18055K, capacity 18234K, committed 18304K, reserved 1064960K
  class space    used 2026K, capacity 2108K, committed 2176K, reserved 1048576K
}
Event: 191.746 GC heap before
{Heap before GC invocations=31 (full 14):
 PSYoungGen      total 298496K, used 2208K [0x00000000eab00000, 0x00000000ff800000, 0x0000000100000000)
  eden space 256000K, 0% used [0x00000000eab00000,0x00000000eab00000,0x00000000fa500000)
  from space 42496K, 5% used [0x00000000fa500000,0x00000000fa728020,0x00000000fce80000)
  to   space 42496K, 0% used [0x00000000fce80000,0x00000000fce80000,0x00000000ff800000)
 ParOldGen       total 683008K, used 16560K [0x00000000c0000000, 0x00000000e9b00000, 0x00000000eab00000)
  object space 683008K, 2% used [0x00000000c0000000,0x00000000c102c0b0,0x00000000e9b00000)
 Metaspace       used 18055K, capacity 18234K, committed 18304K, reserved 1064960K
  class space    used 2026K, capacity 2108K, committed 2176K, reserved 1048576K
Event: 191.756 GC heap after
Heap after GC invocations=31 (full 14):
 PSYoungGen      total 298496K, used 0K [0x00000000eab00000, 0x00000000ff800000, 0x0000000100000000)
  eden space 256000K, 0% used [0x00000000eab00000,0x00000000eab00000,0x00000000fa500000)
  from space 42496K, 0% used [0x00000000fa500000,0x00000000fa500000,0x00000000fce80000)
  to   space 42496K, 0% used [0x00000000fce80000,0x00000000fce80000,0x00000000ff800000)
 ParOldGen       total 683008K, used 16560K [0x00000000c0000000, 0x00000000e9b00000, 0x00000000eab00000)
  object space 683008K, 2% used [0x00000000c0000000,0x00000000c102c0b0,0x00000000e9b00000)
 Metaspace       used 18055K, capacity 18234K, committed 18304K, reserved 1064960K
  class space    used 2026K, capacity 2108K, committed 2176K, reserved 1048576K
}
Event: 194.503 GC heap before
{Heap before GC invocations=32 (full 14):
 PSYoungGen      total 298496K, used 251401K [0x00000000eab00000, 0x00000000ff800000, 0x0000000100000000)
  eden space 256000K, 98% used [0x00000000eab00000,0x00000000fa082498,0x00000000fa500000)
  from space 42496K, 0% used [0x00000000fa500000,0x00000000fa500000,0x00000000fce80000)
  to   space 42496K, 0% used [0x00000000fce80000,0x00000000fce80000,0x00000000ff800000)
 ParOldGen       total 683008K, used 16560K [0x00000000c0000000, 0x00000000e9b00000, 0x00000000eab00000)
  object space 683008K, 2% used [0x00000000c0000000,0x00000000c102c0b0,0x00000000e9b00000)
 Metaspace       used 18055K, capacity 18234K, committed 18304K, reserved 1064960K
  class space    used 2026K, capacity 2108K, committed 2176K, reserved 1048576K
Event: 194.504 GC heap after
Heap after GC invocations=32 (full 14):
 PSYoungGen      total 298496K, used 2144K [0x00000000eab00000, 0x00000000ff800000, 0x0000000100000000)
  eden space 256000K, 0% used [0x00000000eab00000,0x00000000eab00000,0x00000000fa500000)
  from space 42496K, 5% used [0x00000000fce80000,0x00000000fd098020,0x00000000ff800000)
  to   space 42496K, 0% used [0x00000000fa500000,0x00000000fa500000,0x00000000fce80000)
 ParOldGen       total 683008K, used 16560K [0x00000000c0000000, 0x00000000e9b00000, 0x00000000eab00000)
  object space 683008K, 2% used [0x00000000c0000000,0x00000000c102c0b0,0x00000000e9b00000)
 Metaspace       used 18055K, capacity 18234K, committed 18304K, reserved 1064960K
  class space    used 2026K, capacity 2108K, committed 2176K, reserved 1048576K
}
Event: 194.569 GC heap before
{Heap before GC invocations=33 (full 14):
 PSYoungGen      total 298496K, used 18432K [0x00000000eab00000, 0x00000000ff800000, 0x0000000100000000)
  eden space 256000K, 6% used [0x00000000eab00000,0x00000000ebae8270,0x00000000fa500000)
  from space 42496K, 5% used [0x00000000fce80000,0x00000000fd098020,0x00000000ff800000)
  to   space 42496K, 0% used [0x00000000fa500000,0x00000000fa500000,0x00000000fce80000)
 ParOldGen       total 683008K, used 16560K [0x00000000c0000000, 0x00000000e9b00000, 0x00000000eab00000)
  object space 683008K, 2% used [0x00000000c0000000,0x00000000c102c0b0,0x00000000e9b00000)
 Metaspace       used 18055K, capacity 18234K, committed 18304K, reserved 1064960K
  class space    used 2026K, capacity 2108K, committed 2176K, reserved 1048576K
Event: 194.570 GC heap after
Heap after GC invocations=33 (full 14):
 PSYoungGen      total 298496K, used 2176K [0x00000000eab00000, 0x00000000ff800000, 0x0000000100000000)
  eden space 256000K, 0% used [0x00000000eab00000,0x00000000eab00000,0x00000000fa500000)
  from space 42496K, 5% used [0x00000000fa500000,0x00000000fa720020,0x00000000fce80000)
  to   space 42496K, 0% used [0x00000000fce80000,0x00000000fce80000,0x00000000ff800000)
 ParOldGen       total 683008K, used 16560K [0x00000000c0000000, 0x00000000e9b00000, 0x00000000eab00000)
  object space 683008K, 2% used [0x00000000c0000000,0x00000000c102c0b0,0x00000000e9b00000)
 Metaspace       used 18055K, capacity 18234K, committed 18304K, reserved 1064960K
  class space    used 2026K, capacity 2108K, committed 2176K, reserved 1048576K
}
Event: 194.570 GC heap before
{Heap before GC invocations=34 (full 15):
 PSYoungGen      total 298496K, used 2176K [0x00000000eab00000, 0x00000000ff800000, 0x0000000100000000)
  eden space 256000K, 0% used [0x00000000eab00000,0x00000000eab00000,0x00000000fa500000)
  from space 42496K, 5% used [0x00000000fa500000,0x00000000fa720020,0x00000000fce80000)
  to   space 42496K, 0% used [0x00000000fce80000,0x00000000fce80000,0x00000000ff800000)
 ParOldGen       total 683008K, used 16560K [0x00000000c0000000, 0x00000000e9b00000, 0x00000000eab00000)
  object space 683008K, 2% used [0x00000000c0000000,0x00000000c102c0b0,0x00000000e9b00000)
 Metaspace       used 18055K, capacity 18234K, committed 18304K, reserved 1064960K
  class space    used 2026K, capacity 2108K, committed 2176K, reserved 1048576K
Event: 194.580 GC heap after
Heap after GC invocations=34 (full 15):
 PSYoungGen      total 298496K, used 0K [0x00000000eab00000, 0x00000000ff800000, 0x0000000100000000)
  eden space 256000K, 0% used [0x00000000eab00000,0x00000000eab00000,0x00000000fa500000)
  from space 42496K, 0% used [0x00000000fa500000,0x00000000fa500000,0x00000000fce80000)
  to   space 42496K, 0% used [0x00000000fce80000,0x00000000fce80000,0x00000000ff800000)
 ParOldGen       total 683008K, used 16560K [0x00000000c0000000, 0x00000000e9b00000, 0x00000000eab00000)
  object space 683008K, 2% used [0x00000000c0000000,0x00000000c102c0b0,0x00000000e9b00000)
 Metaspace       used 18055K, capacity 18234K, committed 18304K, reserved 1064960K
  class space    used 2026K, capacity 2108K, committed 2176K, reserved 1048576K
}
Event: 197.325 GC heap before
{Heap before GC invocations=35 (full 15):
 PSYoungGen      total 298496K, used 251898K [0x00000000eab00000, 0x00000000ff800000, 0x0000000100000000)
  eden space 256000K, 98% used [0x00000000eab00000,0x00000000fa0fe9e0,0x00000000fa500000)
  from space 42496K, 0% used [0x00000000fa500000,0x00000000fa500000,0x00000000fce80000)
  to   space 42496K, 0% used [0x00000000fce80000,0x00000000fce80000,0x00000000ff800000)
 ParOldGen       total 683008K, used 16560K [0x00000000c0000000, 0x00000000e9b00000, 0x00000000eab00000)
  object space 683008K, 2% used [0x00000000c0000000,0x00000000c102c0b0,0x00000000e9b00000)
 Metaspace       used 18055K, capacity 18234K, committed 18304K, reserved 1064960K
  class space    used 2026K, capacity 2108K, committed 2176K, reserved 1048576K
Event: 197.326 GC heap after
Heap after GC invocations=35 (full 15):
 PSYoungGen      total 252416K, used 2176K [0x00000000eab00000, 0x00000000fd100000, 0x0000000100000000)
  eden space 249856K, 0% used [0x00000000eab00000,0x00000000eab00000,0x00000000f9f00000)
  from space 2560K, 85% used [0x00000000fce80000,0x00000000fd0a0020,0x00000000fd100000)
  to   space 5632K, 0% used [0x00000000fc600000,0x00000000fc600000,0x00000000fcb80000)
 ParOldGen       total 683008K, used 16560K [0x00000000c0000000, 0x00000000e9b00000, 0x00000000eab00000)
  object space 683008K, 2% used [0x00000000c0000000,0x00000000c102c0b0,0x00000000e9b00000)
 Metaspace       used 18055K, capacity 18234K, committed 18304K, reserved 1064960K
  class space    used 2026K, capacity 2108K, committed 2176K, reserved 1048576K
}
Event: 197.386 GC heap before
{Heap before GC invocations=36 (full 15):
 PSYoungGen      total 252416K, used 18187K [0x00000000eab00000, 0x00000000fd100000, 0x0000000100000000)
  eden space 249856K, 6% used [0x00000000eab00000,0x00000000ebaa2ed8,0x00000000f9f00000)
  from space 2560K, 85% used [0x00000000fce80000,0x00000000fd0a0020,0x00000000fd100000)
  to   space 5632K, 0% used [0x00000000fc600000,0x00000000fc600000,0x00000000fcb80000)
 ParOldGen       total 683008K, used 16560K [0x00000000c0000000, 0x00000000e9b00000, 0x00000000eab00000)
  object space 683008K, 2% used [0x00000000c0000000,0x00000000c102c0b0,0x00000000e9b00000)
 Metaspace       used 18055K, capacity 18234K, committed 18304K, reserved 1064960K
  class space    used 2026K, capacity 2108K, committed 2176K, reserved 1048576K
Event: 197.388 GC heap after
Heap after GC invocations=36 (full 15):
 PSYoungGen      total 252416K, used 2240K [0x00000000eab00000, 0x00000000fcf00000, 0x0000000100000000)
  eden space 249856K, 0% used [0x00000000eab00000,0x00000000eab00000,0x00000000f9f00000)
  from space 2560K, 87% used [0x00000000fc600000,0x00000000fc830020,0x00000000fc880000)
  to   space 5120K, 0% used [0x00000000fca00000,0x00000000fca00000,0x00000000fcf00000)
 ParOldGen       total 683008K, used 16560K [0x00000000c0000000, 0x00000000e9b00000, 0x00000000eab00000)
  object space 683008K, 2% used [0x00000000c0000000,0x00000000c102c0b0,0x00000000e9b00000)
 Metaspace       used 18055K, capacity 18234K, committed 18304K, reserved 1064960K
  class space    used 2026K, capacity 2108K, committed 2176K, reserved 1048576K
}
Event: 197.388 GC heap before
{Heap before GC invocations=37 (full 16):
 PSYoungGen      total 252416K, used 2240K [0x00000000eab00000, 0x00000000fcf00000, 0x0000000100000000)
  eden space 249856K, 0% used [0x00000000eab00000,0x00000000eab00000,0x00000000f9f00000)
  from space 2560K, 87% used [0x00000000fc600000,0x00000000fc830020,0x00000000fc880000)
  to   space 5120K, 0% used [0x00000000fca00000,0x00000000fca00000,0x00000000fcf00000)
 ParOldGen       total 683008K, used 16560K [0x00000000c0000000, 0x00000000e9b00000, 0x00000000eab00000)
  object space 683008K, 2% used [0x00000000c0000000,0x00000000c102c0b0,0x00000000e9b00000)
 Metaspace       used 18055K, capacity 18234K, committed 18304K, reserved 1064960K
  class space    used 2026K, capacity 2108K, committed 2176K, reserved 1048576K
Event: 197.398 GC heap after
Heap after GC invocations=37 (full 16):
 PSYoungGen      total 252416K, used 0K [0x00000000eab00000, 0x00000000fcf00000, 0x0000000100000000)
  eden space 249856K, 0% used [0x00000000eab00000,0x00000000eab00000,0x00000000f9f00000)
  from space 2560K, 0% used [0x00000000fc600000,0x00000000fc600000,0x00000000fc880000)
  to   space 5120K, 0% used [0x00000000fca00000,0x00000000fca00000,0x00000000fcf00000)
 ParOldGen       total 683008K, used 16560K [0x00000000c0000000, 0x00000000e9b00000, 0x00000000eab00000)
  object space 683008K, 2% used [0x00000000c0000000,0x00000000c102c0b0,0x00000000e9b00000)
 Metaspace       used 18055K, capacity 18234K, committed 18304K, reserved 1064960K
  class space    used 2026K, capacity 2108K, committed 2176K, reserved 1048576K
}
Event: 200.107 GC heap before
{Heap before GC invocations=38 (full 16):
 PSYoungGen      total 252416K, used 247993K [0x00000000eab00000, 0x00000000fcf00000, 0x0000000100000000)
  eden space 249856K, 99% used [0x00000000eab00000,0x00000000f9d2e5f0,0x00000000f9f00000)
  from space 2560K, 0% used [0x00000000fc600000,0x00000000fc600000,0x00000000fc880000)
  to   space 5120K, 0% used [0x00000000fca00000,0x00000000fca00000,0x00000000fcf00000)
 ParOldGen       total 683008K, used 16560K [0x00000000c0000000, 0x00000000e9b00000, 0x00000000eab00000)
  object space 683008K, 2% used [0x00000000c0000000,0x00000000c102c0b0,0x00000000e9b00000)
 Metaspace       used 18056K, capacity 18234K, committed 18304K, reserved 1064960K
  class space    used 2026K, capacity 2108K, committed 2176K, reserved 1048576K
Event: 200.109 GC heap after
Heap after GC invocations=38 (full 16):
 PSYoungGen      total 248320K, used 4224K [0x00000000eab00000, 0x00000000fce80000, 0x0000000100000000)
  eden space 243712K, 0% used [0x00000000eab00000,0x00000000eab00000,0x00000000f9900000)
  from space 4608K, 91% used [0x00000000fca00000,0x00000000fce20030,0x00000000fce80000)
  to   space 5632K, 0% used [0x00000000fc380000,0x00000000fc380000,0x00000000fc900000)
 ParOldGen       total 683008K, used 16560K [0x00000000c0000000, 0x00000000e9b00000, 0x00000000eab00000)
  object space 683008K, 2% used [0x00000000c0000000,0x00000000c102c0b0,0x00000000e9b00000)
 Metaspace       used 18056K, capacity 18234K, committed 18304K, reserved 1064960K
  class space    used 2026K, capacity 2108K, committed 2176K, reserved 1048576K
}
Event: 200.178 GC heap before
{Heap before GC invocations=39 (full 16):
 PSYoungGen      total 248320K, used 6349K [0x00000000eab00000, 0x00000000fce80000, 0x0000000100000000)
  eden space 243712K, 0% used [0x00000000eab00000,0x00000000ead136f8,0x00000000f9900000)
  from space 4608K, 91% used [0x00000000fca00000,0x00000000fce20030,0x00000000fce80000)
  to   space 5632K, 0% used [0x00000000fc380000,0x00000000fc380000,0x00000000fc900000)
 ParOldGen       total 683008K, used 16560K [0x00000000c0000000, 0x00000000e9b00000, 0x00000000eab00000)
  object space 683008K, 2% used [0x00000000c0000000,0x00000000c102c0b0,0x00000000e9b00000)
 Metaspace       used 18056K, capacity 18234K, committed 18304K, reserved 1064960K
  class space    used 2026K, capacity 2108K, committed 2176K, reserved 1048576K
Event: 200.180 GC heap after
Heap after GC invocations=39 (full 16):
 PSYoungGen      total 248320K, used 4224K [0x00000000eab00000, 0x00000000fca80000, 0x0000000100000000)
  eden space 243712K, 0% used [0x00000000eab00000,0x00000000eab00000,0x00000000f9900000)
  from space 4608K, 91% used [0x00000000fc380000,0x00000000fc7a0030,0x00000000fc800000)
  to   space 2560K, 0% used [0x00000000fc800000,0x00000000fc800000,0x00000000fca80000)
 ParOldGen       total 683008K, used 18608K [0x00000000c0000000, 0x00000000e9b00000, 0x00000000eab00000)
  object space 683008K, 2% used [0x00000000c0000000,0x00000000c122c0c0,0x00000000e9b00000)
 Metaspace       used 18056K, capacity 18234K, committed 18304K, reserved 1064960K
  class space    used 2026K, capacity 2108K, committed 2176K, reserved 1048576K
}
Event: 200.180 GC heap before
{Heap before GC invocations=40 (full 17):
 PSYoungGen      total 248320K, used 4224K [0x00000000eab00000, 0x00000000fca80000, 0x0000000100000000)
  eden space 243712K, 0% used [0x00000000eab00000,0x00000000eab00000,0x00000000f9900000)
  from space 4608K, 91% used [0x00000000fc380000,0x00000000fc7a0030,0x00000000fc800000)
  to   space 2560K, 0% used [0x00000000fc800000,0x00000000fc800000,0x00000000fca80000)
 ParOldGen       total 683008K, used 18608K [0x00000000c0000000, 0x00000000e9b00000, 0x00000000eab00000)
  object space 683008K, 2% used [0x00000000c0000000,0x00000000c122c0c0,0x00000000e9b00000)
 Metaspace       used 18056K, capacity 18234K, committed 18304K, reserved 1064960K
  class space    used 2026K, capacity 2108K, committed 2176K, reserved 1048576K
Event: 200.194 GC heap after
Heap after GC invocations=40 (full 17):
 PSYoungGen      total 248320K, used 0K [0x00000000eab00000, 0x00000000fca80000, 0x0000000100000000)
  eden space 243712K, 0% used [0x00000000eab00000,0x00000000eab00000,0x00000000f9900000)
  from space 4608K, 0% used [0x00000000fc380000,0x00000000fc380000,0x00000000fc800000)
  to   space 2560K, 0% used [0x00000000fc800000,0x00000000fc800000,0x00000000fca80000)
 ParOldGen       total 683008K, used 18608K [0x00000000c0000000, 0x00000000e9b00000, 0x00000000eab00000)
  object space 683008K, 2% used [0x00000000c0000000,0x00000000c122c0c0,0x00000000e9b00000)
 Metaspace       used 18056K, capacity 18234K, committed 18304K, reserved 1064960K
  class space    used 2026K, capacity 2108K, committed 2176K, reserved 1048576K
}
Event: 200.273 GC heap before
{Heap before GC invocations=41 (full 17):
 PSYoungGen      total 248320K, used 4825K [0x00000000eab00000, 0x00000000fca80000, 0x0000000100000000)
  eden space 243712K, 1% used [0x00000000eab00000,0x00000000eafb6408,0x00000000f9900000)
  from space 4608K, 0% used [0x00000000fc380000,0x00000000fc380000,0x00000000fc800000)
  to   space 2560K, 0% used [0x00000000fc800000,0x00000000fc800000,0x00000000fca80000)
 ParOldGen       total 683008K, used 18608K [0x00000000c0000000, 0x00000000e9b00000, 0x00000000eab00000)
  object space 683008K, 2% used [0x00000000c0000000,0x00000000c122c0c0,0x00000000e9b00000)
 Metaspace       used 18056K, capacity 18234K, committed 18304K, reserved 1064960K
  class space    used 2026K, capacity 2108K, committed 2176K, reserved 1048576K
Event: 200.274 GC heap after
Heap after GC invocations=41 (full 17):
 PSYoungGen      total 244224K, used 64K [0x00000000eab00000, 0x00000000fc880000, 0x0000000100000000)
  eden space 243712K, 0% used [0x00000000eab00000,0x00000000eab00000,0x00000000f9900000)
  from space 512K, 12% used [0x00000000fc800000,0x00000000fc810000,0x00000000fc880000)
  to   space 6144K, 0% used [0x00000000fbc80000,0x00000000fbc80000,0x00000000fc280000)
 ParOldGen       total 683008K, used 18608K [0x00000000c0000000, 0x00000000e9b00000, 0x00000000eab00000)
  object space 683008K, 2% used [0x00000000c0000000,0x00000000c122c0c0,0x00000000e9b00000)
 Metaspace       used 18056K, capacity 18234K, committed 18304K, reserved 1064960K
  class space    used 2026K, capacity 2108K, committed 2176K, reserved 1048576K
}
Event: 200.274 GC heap before
{Heap before GC invocations=42 (full 18):
 PSYoungGen      total 244224K, used 64K [0x00000000eab00000, 0x00000000fc880000, 0x0000000100000000)
  eden space 243712K, 0% used [0x00000000eab00000,0x00000000eab00000,0x00000000f9900000)
  from space 512K, 12% used [0x00000000fc800000,0x00000000fc810000,0x00000000fc880000)
  to   space 6144K, 0% used [0x00000000fbc80000,0x00000000fbc80000,0x00000000fc280000)
 ParOldGen       total 683008K, used 18608K [0x00000000c0000000, 0x00000000e9b00000, 0x00000000eab00000)
  object space 683008K, 2% used [0x00000000c0000000,0x00000000c122c0c0,0x00000000e9b00000)
 Metaspace       used 18056K, capacity 18234K, committed 18304K, reserved 1064960K
  class space    used 2026K, capacity 2108K, committed 2176K, reserved 1048576K
Event: 200.285 GC heap after
Heap after GC invocations=42 (full 18):
 PSYoungGen      total 244224K, used 0K [0x00000000eab00000, 0x00000000fc880000, 0x0000000100000000)
  eden space 243712K, 0% used [0x00000000eab00000,0x00000000eab00000,0x00000000f9900000)
  from space 512K, 0% used [0x00000000fc800000,0x00000000fc800000,0x00000000fc880000)
  to   space 6144K, 0% used [0x00000000fbc80000,0x00000000fbc80000,0x00000000fc280000)
 ParOldGen       total 683008K, used 18608K [0x00000000c0000000, 0x00000000e9b00000, 0x00000000eab00000)
  object space 683008K, 2% used [0x00000000c0000000,0x00000000c122c0c0,0x00000000e9b00000)
 Metaspace       used 18056K, capacity 18234K, committed 18304K, reserved 1064960K
  class space    used 2026K, capacity 2108K, committed 2176K, reserved 1048576K
}
Event: 203.091 GC heap before
{Heap before GC invocations=43 (full 18):
 PSYoungGen      total 244224K, used 242408K [0x00000000eab00000, 0x00000000fc880000, 0x0000000100000000)
  eden space 243712K, 99% used [0x00000000eab00000,0x00000000f97ba068,0x00000000f9900000)
  from space 512K, 0% used [0x00000000fc800000,0x00000000fc800000,0x00000000fc880000)
  to   space 6144K, 0% used [0x00000000fbc80000,0x00000000fbc80000,0x00000000fc280000)
 ParOldGen       total 683008K, used 18608K [0x00000000c0000000, 0x00000000e9b00000, 0x00000000eab00000)
  object space 683008K, 2% used [0x00000000c0000000,0x00000000c122c0c0,0x00000000e9b00000)
 Metaspace       used 18057K, capacity 18234K, committed 18304K, reserved 1064960K
  class space    used 2026K, capacity 2108K, committed 2176K, reserved 1048576K
Event: 203.093 GC heap after
Heap after GC invocations=43 (full 18):
 PSYoungGen      total 244224K, used 2176K [0x00000000eab00000, 0x00000000fc880000, 0x0000000100000000)
  eden space 238080K, 0% used [0x00000000eab00000,0x00000000eab00000,0x00000000f9380000)
  from space 6144K, 35% used [0x00000000fbc80000,0x00000000fbea0020,0x00000000fc280000)
  to   space 5632K, 0% used [0x00000000fc300000,0x00000000fc300000,0x00000000fc880000)
 ParOldGen       total 683008K, used 24752K [0x00000000c0000000, 0x00000000e9b00000, 0x00000000eab00000)
  object space 683008K, 3% used [0x00000000c0000000,0x00000000c182c0d0,0x00000000e9b00000)
 Metaspace       used 18057K, capacity 18234K, committed 18304K, reserved 1064960K
  class space    used 2026K, capacity 2108K, committed 2176K, reserved 1048576K
}
Event: 203.167 GC heap before
{Heap before GC invocations=44 (full 18):
 PSYoungGen      total 244224K, used 4273K [0x00000000eab00000, 0x00000000fc880000, 0x0000000100000000)
  eden space 238080K, 0% used [0x00000000eab00000,0x00000000ead0c590,0x00000000f9380000)
  from space 6144K, 35% used [0x00000000fbc80000,0x00000000fbea0020,0x00000000fc280000)
  to   space 5632K, 0% used [0x00000000fc300000,0x00000000fc300000,0x00000000fc880000)
 ParOldGen       total 683008K, used 24752K [0x00000000c0000000, 0x00000000e9b00000, 0x00000000eab00000)
  object space 683008K, 3% used [0x00000000c0000000,0x00000000c182c0d0,0x00000000e9b00000)
 Metaspace       used 18057K, capacity 18234K, committed 18304K, reserved 1064960K
  class space    used 2026K, capacity 2108K, committed 2176K, reserved 1048576K
Event: 203.168 GC heap after
Heap after GC invocations=44 (full 18):
 PSYoungGen      total 238592K, used 64K [0x00000000eab00000, 0x00000000fc380000, 0x0000000100000000)
  eden space 238080K, 0% used [0x00000000eab00000,0x00000000eab00000,0x00000000f9380000)
  from space 512K, 12% used [0x00000000fc300000,0x00000000fc310000,0x00000000fc380000)
  to   space 5632K, 0% used [0x00000000fb880000,0x00000000fb880000,0x00000000fbe00000)
 ParOldGen       total 683008K, used 26856K [0x00000000c0000000, 0x00000000e9b00000, 0x00000000eab00000)
  object space 683008K, 3% used [0x00000000c0000000,0x00000000c1a3a0f0,0x00000000e9b00000)
 Metaspace       used 18057K, capacity 18234K, committed 18304K, reserved 1064960K
  class space    used 2026K, capacity 2108K, committed 2176K, reserved 1048576K
}
Event: 203.168 GC heap before
{Heap before GC invocations=45 (full 19):
 PSYoungGen      total 238592K, used 64K [0x00000000eab00000, 0x00000000fc380000, 0x0000000100000000)
  eden space 238080K, 0% used [0x00000000eab00000,0x00000000eab00000,0x00000000f9380000)
  from space 512K, 12% used [0x00000000fc300000,0x00000000fc310000,0x00000000fc380000)
  to   space 5632K, 0% used [0x00000000fb880000,0x00000000fb880000,0x00000000fbe00000)
 ParOldGen       total 683008K, used 26856K [0x00000000c0000000, 0x00000000e9b00000, 0x00000000eab00000)
  object space 683008K, 3% used [0x00000000c0000000,0x00000000c1a3a0f0,0x00000000e9b00000)
 Metaspace       used 18057K, capacity 18234K, committed 18304K, reserved 1064960K
  class space    used 2026K, capacity 2108K, committed 2176K, reserved 1048576K
Event: 203.179 GC heap after
Heap after GC invocations=45 (full 19):
 PSYoungGen      total 238592K, used 0K [0x00000000eab00000, 0x00000000fc380000, 0x0000000100000000)
  eden space 238080K, 0% used [0x00000000eab00000,0x00000000eab00000,0x00000000f9380000)
  from space 512K, 0% used [0x00000000fc300000,0x00000000fc300000,0x00000000fc380000)
  to   space 5632K, 0% used [0x00000000fb880000,0x00000000fb880000,0x00000000fbe00000)
 ParOldGen       total 683008K, used 16560K [0x00000000c0000000, 0x00000000e9b00000, 0x00000000eab00000)
  object space 683008K, 2% used [0x00000000c0000000,0x00000000c102c0b0,0x00000000e9b00000)
 Metaspace       used 18057K, capacity 18234K, committed 18304K, reserved 1064960K
  class space    used 2026K, capacity 2108K, committed 2176K, reserved 1048576K
}
Event: 210.365 GC heap before
{Heap before GC invocations=46 (full 19):
 PSYoungGen      total 238592K, used 212662K [0x00000000eab00000, 0x00000000fc380000, 0x0000000100000000)
  eden space 238080K, 89% used [0x00000000eab00000,0x00000000f7aad8f0,0x00000000f9380000)
  from space 512K, 0% used [0x00000000fc300000,0x00000000fc300000,0x00000000fc380000)
  to   space 5632K, 0% used [0x00000000fb880000,0x00000000fb880000,0x00000000fbe00000)
 ParOldGen       total 683008K, used 16560K [0x00000000c0000000, 0x00000000e9b00000, 0x00000000eab00000)
  object space 683008K, 2% used [0x00000000c0000000,0x00000000c102c0b0,0x00000000e9b00000)
 Metaspace       used 18057K, capacity 18234K, committed 18304K, reserved 1064960K
  class space    used 2026K, capacity 2108K, committed 2176K, reserved 1048576K
Event: 210.367 GC heap after
Heap after GC invocations=46 (full 19):
 PSYoungGen      total 243712K, used 256K [0x00000000eab00000, 0x00000000fc380000, 0x0000000100000000)
  eden space 238080K, 0% used [0x00000000eab00000,0x00000000eab00000,0x00000000f9380000)
  from space 5632K, 4% used [0x00000000fb880000,0x00000000fb8c0010,0x00000000fbe00000)
  to   space 5632K, 0% used [0x00000000fbe00000,0x00000000fbe00000,0x00000000fc380000)
 ParOldGen       total 683008K, used 16560K [0x00000000c0000000, 0x00000000e9b00000, 0x00000000eab00000)
  object space 683008K, 2% used [0x00000000c0000000,0x00000000c102c0b0,0x00000000e9b00000)
 Metaspace       used 18057K, capacity 18234K, committed 18304K, reserved 1064960K
  class space    used 2026K, capacity 2108K, committed 2176K, reserved 1048576K
}
Event: 210.367 GC heap before
{Heap before GC invocations=47 (full 20):
 PSYoungGen      total 243712K, used 256K [0x00000000eab00000, 0x00000000fc380000, 0x0000000100000000)
  eden space 238080K, 0% used [0x00000000eab00000,0x00000000eab00000,0x00000000f9380000)
  from space 5632K, 4% used [0x00000000fb880000,0x00000000fb8c0010,0x00000000fbe00000)
  to   space 5632K, 0% used [0x00000000fbe00000,0x00000000fbe00000,0x00000000fc380000)
 ParOldGen       total 683008K, used 16560K [0x00000000c0000000, 0x00000000e9b00000, 0x00000000eab00000)
  object space 683008K, 2% used [0x00000000c0000000,0x00000000c102c0b0,0x00000000e9b00000)
 Metaspace       used 18057K, capacity 18234K, committed 18304K, reserved 1064960K
  class space    used 2026K, capacity 2108K, committed 2176K, reserved 1048576K
Event: 210.378 GC heap after
Heap after GC invocations=47 (full 20):
 PSYoungGen      total 243712K, used 0K [0x00000000eab00000, 0x00000000fc380000, 0x0000000100000000)
  eden space 238080K, 0% used [0x00000000eab00000,0x00000000eab00000,0x00000000f9380000)
  from space 5632K, 0% used [0x00000000fb880000,0x00000000fb880000,0x00000000fbe00000)
  to   space 5632K, 0% used [0x00000000fbe00000,0x00000000fbe00000,0x00000000fc380000)
 ParOldGen       total 683008K, used 14512K [0x00000000c0000000, 0x00000000e9b00000, 0x00000000eab00000)
  object space 683008K, 2% used [0x00000000c0000000,0x00000000c0e2c378,0x00000000e9b00000)
 Metaspace       used 18057K, capacity 18234K, committed 18304K, reserved 1064960K
  class space    used 2026K, capacity 2108K, committed 2176K, reserved 1048576K
}

